This is pdfTeX, Version 3.141592653-2.6-1.40.25 (TeX Live 2023) (preloaded format=pdflatex 2023.5.15)  18 MAY 2025 20:52
entering extended mode
 restricted \write18 enabled.
 %&-line parsing enabled.
**main2.tex
(./main2.tex
LaTeX2e <2022-11-01> patch level 1
L3 programming layer <2023-02-22>
(/usr/local/texlive/2023/texmf-dist/tex/latex/base/article.cls
Document Class: article 2022/07/02 v1.4n Standard LaTeX document class
(/usr/local/texlive/2023/texmf-dist/tex/latex/base/size12.clo
File: size12.clo 2022/07/02 v1.4n Standard LaTeX file (size option)
)
\c@part=\count185
\c@section=\count186
\c@subsection=\count187
\c@subsubsection=\count188
\c@paragraph=\count189
\c@subparagraph=\count190
\c@figure=\count191
\c@table=\count192
\abovecaptionskip=\skip48
\belowcaptionskip=\skip49
\bibindent=\dimen140
)
(/usr/local/texlive/2023/texmf-dist/tex/latex/base/inputenc.sty
Package: inputenc 2021/02/14 v1.3d Input encoding file
\inpenc@prehook=\toks16
\inpenc@posthook=\toks17
)
(/usr/local/texlive/2023/texmf-dist/tex/latex/base/fontenc.sty
Package: fontenc 2021/04/29 v2.0v Standard LaTeX package
)
(/usr/local/texlive/2023/texmf-dist/tex/generic/babel/babel.sty
Package: babel 2023/02/13 3.86 The Babel package
\babel@savecnt=\count193
\U@D=\dimen141
\l@unhyphenated=\language87

(/usr/local/texlive/2023/texmf-dist/tex/generic/babel/txtbabel.def)
\bbl@readstream=\read2
\bbl@dirlevel=\count194

(/usr/local/texlive/2023/texmf-dist/tex/generic/babel-french/french.ldf
Language: french 2023/03/08 v3.5q French support from the babel system
Package babel Info: Hyphen rules for 'acadian' set to \l@french
(babel)             (\language29). Reported on input line 91.
Package babel Info: Hyphen rules for 'canadien' set to \l@french
(babel)             (\language29). Reported on input line 92.
\FB@nonchar=\count195
Package babel Info: Making : an active character on input line 395.
Package babel Info: Making ; an active character on input line 396.
Package babel Info: Making ! an active character on input line 397.
Package babel Info: Making ? an active character on input line 398.
\FBguill@level=\count196
\FBold@everypar=\toks18
\FB@Mht=\dimen142
\mc@charclass=\count197
\mc@charfam=\count198
\mc@charslot=\count199
\std@mcc=\count266
\dec@mcc=\count267
\FB@parskip=\dimen143
\listindentFB=\dimen144
\descindentFB=\dimen145
\labelindentFB=\dimen146
\labelwidthFB=\dimen147
\leftmarginFB=\dimen148
\parindentFFN=\dimen149
\FBfnindent=\dimen150
))
(/usr/local/texlive/2023/texmf-dist/tex/generic/babel/locale/fr/babel-french.te
x
Package babel Info: Importing font and identification data for french
(babel)             from babel-fr.ini. Reported on input line 11.
) (/usr/local/texlive/2023/texmf-dist/tex/latex/carlisle/scalefnt.sty)
(/usr/local/texlive/2023/texmf-dist/tex/latex/graphics/keyval.sty
Package: keyval 2022/05/29 v1.15 key=value parser (DPC)
\KV@toks@=\toks19
)
(/usr/local/texlive/2023/texmf-dist/tex/latex/graphics/graphicx.sty
Package: graphicx 2021/09/16 v1.2d Enhanced LaTeX Graphics (DPC,SPQR)

(/usr/local/texlive/2023/texmf-dist/tex/latex/graphics/graphics.sty
Package: graphics 2022/03/10 v1.4e Standard LaTeX Graphics (DPC,SPQR)

(/usr/local/texlive/2023/texmf-dist/tex/latex/graphics/trig.sty
Package: trig 2021/08/11 v1.11 sin cos tan (DPC)
)
(/usr/local/texlive/2023/texmf-dist/tex/latex/graphics-cfg/graphics.cfg
File: graphics.cfg 2016/06/04 v1.11 sample graphics configuration
)
Package graphics Info: Driver file: pdftex.def on input line 107.

(/usr/local/texlive/2023/texmf-dist/tex/latex/graphics-def/pdftex.def
File: pdftex.def 2022/09/22 v1.2b Graphics/color driver for pdftex
))
\Gin@req@height=\dimen151
\Gin@req@width=\dimen152
)
(/usr/local/texlive/2023/texmf-dist/tex/latex/hyperref/hyperref.sty
Package: hyperref 2023-02-07 v7.00v Hypertext links for LaTeX

(/usr/local/texlive/2023/texmf-dist/tex/generic/ltxcmds/ltxcmds.sty
Package: ltxcmds 2020-05-10 v1.25 LaTeX kernel commands for general use (HO)
)
(/usr/local/texlive/2023/texmf-dist/tex/generic/iftex/iftex.sty
Package: iftex 2022/02/03 v1.0f TeX engine tests
)
(/usr/local/texlive/2023/texmf-dist/tex/generic/pdftexcmds/pdftexcmds.sty
Package: pdftexcmds 2020-06-27 v0.33 Utility functions of pdfTeX for LuaTeX (HO
)

(/usr/local/texlive/2023/texmf-dist/tex/generic/infwarerr/infwarerr.sty
Package: infwarerr 2019/12/03 v1.5 Providing info/warning/error messages (HO)
)
Package pdftexcmds Info: \pdf@primitive is available.
Package pdftexcmds Info: \pdf@ifprimitive is available.
Package pdftexcmds Info: \pdfdraftmode found.
)
(/usr/local/texlive/2023/texmf-dist/tex/latex/kvsetkeys/kvsetkeys.sty
Package: kvsetkeys 2022-10-05 v1.19 Key value parser (HO)
)
(/usr/local/texlive/2023/texmf-dist/tex/generic/kvdefinekeys/kvdefinekeys.sty
Package: kvdefinekeys 2019-12-19 v1.6 Define keys (HO)
)
(/usr/local/texlive/2023/texmf-dist/tex/generic/pdfescape/pdfescape.sty
Package: pdfescape 2019/12/09 v1.15 Implements pdfTeX's escape features (HO)
)
(/usr/local/texlive/2023/texmf-dist/tex/latex/hycolor/hycolor.sty
Package: hycolor 2020-01-27 v1.10 Color options for hyperref/bookmark (HO)
)
(/usr/local/texlive/2023/texmf-dist/tex/latex/letltxmacro/letltxmacro.sty
Package: letltxmacro 2019/12/03 v1.6 Let assignment for LaTeX macros (HO)
)
(/usr/local/texlive/2023/texmf-dist/tex/latex/auxhook/auxhook.sty
Package: auxhook 2019-12-17 v1.6 Hooks for auxiliary files (HO)
)
(/usr/local/texlive/2023/texmf-dist/tex/latex/hyperref/nameref.sty
Package: nameref 2022-05-17 v2.50 Cross-referencing by name of section

(/usr/local/texlive/2023/texmf-dist/tex/latex/refcount/refcount.sty
Package: refcount 2019/12/15 v3.6 Data extraction from label references (HO)
)
(/usr/local/texlive/2023/texmf-dist/tex/generic/gettitlestring/gettitlestring.s
ty
Package: gettitlestring 2019/12/15 v1.6 Cleanup title references (HO)
 (/usr/local/texlive/2023/texmf-dist/tex/latex/kvoptions/kvoptions.sty
Package: kvoptions 2022-06-15 v3.15 Key value format for package options (HO)
))
\c@section@level=\count268
)
\@linkdim=\dimen153
\Hy@linkcounter=\count269
\Hy@pagecounter=\count270

(/usr/local/texlive/2023/texmf-dist/tex/latex/hyperref/pd1enc.def
File: pd1enc.def 2023-02-07 v7.00v Hyperref: PDFDocEncoding definition (HO)
Now handling font encoding PD1 ...
... no UTF-8 mapping file for font encoding PD1
)
(/usr/local/texlive/2023/texmf-dist/tex/generic/intcalc/intcalc.sty
Package: intcalc 2019/12/15 v1.3 Expandable calculations with integers (HO)
)
(/usr/local/texlive/2023/texmf-dist/tex/generic/etexcmds/etexcmds.sty
Package: etexcmds 2019/12/15 v1.7 Avoid name clashes with e-TeX commands (HO)
)
\Hy@SavedSpaceFactor=\count271

(/usr/local/texlive/2023/texmf-dist/tex/latex/hyperref/puenc.def
File: puenc.def 2023-02-07 v7.00v Hyperref: PDF Unicode definition (HO)
Now handling font encoding PU ...
... no UTF-8 mapping file for font encoding PU
)
Package hyperref Info: Hyper figures OFF on input line 4177.
Package hyperref Info: Link nesting OFF on input line 4182.
Package hyperref Info: Hyper index ON on input line 4185.
Package hyperref Info: Plain pages OFF on input line 4192.
Package hyperref Info: Backreferencing OFF on input line 4197.
Package hyperref Info: Implicit mode ON; LaTeX internals redefined.
Package hyperref Info: Bookmarks ON on input line 4425.
\c@Hy@tempcnt=\count272

(/usr/local/texlive/2023/texmf-dist/tex/latex/url/url.sty
\Urlmuskip=\muskip16
Package: url 2013/09/16  ver 3.4  Verb mode for urls, etc.
)
LaTeX Info: Redefining \url on input line 4763.
\XeTeXLinkMargin=\dimen154

(/usr/local/texlive/2023/texmf-dist/tex/generic/bitset/bitset.sty
Package: bitset 2019/12/09 v1.3 Handle bit-vector datatype (HO)

(/usr/local/texlive/2023/texmf-dist/tex/generic/bigintcalc/bigintcalc.sty
Package: bigintcalc 2019/12/15 v1.5 Expandable calculations on big integers (HO
)
))
\Fld@menulength=\count273
\Field@Width=\dimen155
\Fld@charsize=\dimen156
Package hyperref Info: Hyper figures OFF on input line 6042.
Package hyperref Info: Link nesting OFF on input line 6047.
Package hyperref Info: Hyper index ON on input line 6050.
Package hyperref Info: backreferencing OFF on input line 6057.
Package hyperref Info: Link coloring OFF on input line 6062.
Package hyperref Info: Link coloring with OCG OFF on input line 6067.
Package hyperref Info: PDF/A mode OFF on input line 6072.

(/usr/local/texlive/2023/texmf-dist/tex/latex/base/atbegshi-ltx.sty
Package: atbegshi-ltx 2021/01/10 v1.0c Emulation of the original atbegshi
package with kernel methods
)
\Hy@abspage=\count274
\c@Item=\count275
\c@Hfootnote=\count276
)
Package hyperref Info: Driver (autodetected): hpdftex.

(/usr/local/texlive/2023/texmf-dist/tex/latex/hyperref/hpdftex.def
File: hpdftex.def 2023-02-07 v7.00v Hyperref driver for pdfTeX

(/usr/local/texlive/2023/texmf-dist/tex/latex/base/atveryend-ltx.sty
Package: atveryend-ltx 2020/08/19 v1.0a Emulation of the original atveryend pac
kage
with kernel methods
)
\Fld@listcount=\count277
\c@bookmark@seq@number=\count278

(/usr/local/texlive/2023/texmf-dist/tex/latex/rerunfilecheck/rerunfilecheck.sty
Package: rerunfilecheck 2022-07-10 v1.10 Rerun checks for auxiliary files (HO)

(/usr/local/texlive/2023/texmf-dist/tex/generic/uniquecounter/uniquecounter.sty
Package: uniquecounter 2019/12/15 v1.4 Provide unlimited unique counter (HO)
)
Package uniquecounter Info: New unique counter `rerunfilecheck' on input line 2
85.
)
\Hy@SectionHShift=\skip50
) (/usr/local/texlive/2023/texmf-dist/tex/latex/geometry/geometry.sty
Package: geometry 2020/01/02 v5.9 Page Geometry

(/usr/local/texlive/2023/texmf-dist/tex/generic/iftex/ifvtex.sty
Package: ifvtex 2019/10/25 v1.7 ifvtex legacy package. Use iftex instead.
)
\Gm@cnth=\count279
\Gm@cntv=\count280
\c@Gm@tempcnt=\count281
\Gm@bindingoffset=\dimen157
\Gm@wd@mp=\dimen158
\Gm@odd@mp=\dimen159
\Gm@even@mp=\dimen160
\Gm@layoutwidth=\dimen161
\Gm@layoutheight=\dimen162
\Gm@layouthoffset=\dimen163
\Gm@layoutvoffset=\dimen164
\Gm@dimlist=\toks20
)
(/usr/local/texlive/2023/texmf-dist/tex/latex/setspace/setspace.sty
Package: setspace 2022/12/04 v6.7b set line spacing
)
(/usr/local/texlive/2023/texmf-dist/tex/latex/float/float.sty
Package: float 2001/11/08 v1.3d Float enhancements (AL)
\c@float@type=\count282
\float@exts=\toks21
\float@box=\box51
\@float@everytoks=\toks22
\@floatcapt=\box52
)
(/usr/local/texlive/2023/texmf-dist/tex/latex/listings/listings.sty
\lst@mode=\count283
\lst@gtempboxa=\box53
\lst@token=\toks23
\lst@length=\count284
\lst@currlwidth=\dimen165
\lst@column=\count285
\lst@pos=\count286
\lst@lostspace=\dimen166
\lst@width=\dimen167
\lst@newlines=\count287
\lst@lineno=\count288
\lst@maxwidth=\dimen168

(/usr/local/texlive/2023/texmf-dist/tex/latex/listings/lstmisc.sty
File: lstmisc.sty 2023/02/27 1.9 (Carsten Heinz)
\c@lstnumber=\count289
\lst@skipnumbers=\count290
\lst@framebox=\box54
)
(/usr/local/texlive/2023/texmf-dist/tex/latex/listings/listings.cfg
File: listings.cfg 2023/02/27 1.9 listings configuration
))
Package: listings 2023/02/27 1.9 (Carsten Heinz)

(/usr/local/texlive/2023/texmf-dist/tex/latex/xcolor/xcolor.sty
Package: xcolor 2022/06/12 v2.14 LaTeX color extensions (UK)

(/usr/local/texlive/2023/texmf-dist/tex/latex/graphics-cfg/color.cfg
File: color.cfg 2016/01/02 v1.6 sample color configuration
)
Package xcolor Info: Driver file: pdftex.def on input line 227.

(/usr/local/texlive/2023/texmf-dist/tex/latex/graphics/mathcolor.ltx)
Package xcolor Info: Model `cmy' substituted by `cmy0' on input line 1353.
Package xcolor Info: Model `hsb' substituted by `rgb' on input line 1357.
Package xcolor Info: Model `RGB' extended on input line 1369.
Package xcolor Info: Model `HTML' substituted by `rgb' on input line 1371.
Package xcolor Info: Model `Hsb' substituted by `hsb' on input line 1372.
Package xcolor Info: Model `tHsb' substituted by `hsb' on input line 1373.
Package xcolor Info: Model `HSB' substituted by `hsb' on input line 1374.
Package xcolor Info: Model `Gray' substituted by `gray' on input line 1375.
Package xcolor Info: Model `wave' substituted by `hsb' on input line 1376.
)
(/usr/local/texlive/2023/texmf-dist/tex/latex/l3backend/l3backend-pdftex.def
File: l3backend-pdftex.def 2023-01-16 L3 backend support: PDF output (pdfTeX)
\l__color_backend_stack_int=\count291
\l__pdf_internal_box=\box55
)
(./main2.aux)
\openout1 = `main2.aux'.

LaTeX Font Info:    Checking defaults for OML/cmm/m/it on input line 44.
LaTeX Font Info:    ... okay on input line 44.
LaTeX Font Info:    Checking defaults for OMS/cmsy/m/n on input line 44.
LaTeX Font Info:    ... okay on input line 44.
LaTeX Font Info:    Checking defaults for OT1/cmr/m/n on input line 44.
LaTeX Font Info:    ... okay on input line 44.
LaTeX Font Info:    Checking defaults for T1/cmr/m/n on input line 44.
LaTeX Font Info:    ... okay on input line 44.
LaTeX Font Info:    Checking defaults for TS1/cmr/m/n on input line 44.
LaTeX Font Info:    ... okay on input line 44.
LaTeX Font Info:    Checking defaults for OMX/cmex/m/n on input line 44.
LaTeX Font Info:    ... okay on input line 44.
LaTeX Font Info:    Checking defaults for U/cmr/m/n on input line 44.
LaTeX Font Info:    ... okay on input line 44.
LaTeX Font Info:    Checking defaults for PD1/pdf/m/n on input line 44.
LaTeX Font Info:    ... okay on input line 44.
LaTeX Font Info:    Checking defaults for PU/pdf/m/n on input line 44.
LaTeX Font Info:    ... okay on input line 44.
LaTeX Info: Redefining \degres on input line 44.
LaTeX Info: Redefining \up on input line 44.

(/usr/local/texlive/2023/texmf-dist/tex/context/base/mkii/supp-pdf.mkii
[Loading MPS to PDF converter (version 2006.09.02).]
\scratchcounter=\count292
\scratchdimen=\dimen169
\scratchbox=\box56
\nofMPsegments=\count293
\nofMParguments=\count294
\everyMPshowfont=\toks24
\MPscratchCnt=\count295
\MPscratchDim=\dimen170
\MPnumerator=\count296
\makeMPintoPDFobject=\count297
\everyMPtoPDFconversion=\toks25
) (/usr/local/texlive/2023/texmf-dist/tex/latex/epstopdf-pkg/epstopdf-base.sty
Package: epstopdf-base 2020-01-24 v2.11 Base part for package epstopdf
Package epstopdf-base Info: Redefining graphics rule for `.eps' on input line 4
85.

(/usr/local/texlive/2023/texmf-dist/tex/latex/latexconfig/epstopdf-sys.cfg
File: epstopdf-sys.cfg 2010/07/13 v1.3 Configuration of (r)epstopdf for TeX Liv
e
))
Package hyperref Info: Link coloring OFF on input line 44.

(./main2.out) (./main2.out)
\@outlinefile=\write3
\openout3 = `main2.out'.


*geometry* driver: auto-detecting
*geometry* detected driver: pdftex
*geometry* verbose mode - [ preamble ] result:
* driver: pdftex
* paper: a4paper
* layout: <same size as paper>
* layoutoffset:(h,v)=(0.0pt,0.0pt)
* modes: 
* h-part:(L,W,R)=(34.14322pt, 529.22144pt, 34.14322pt)
* v-part:(T,H,B)=(34.14322pt, 776.7604pt, 34.14322pt)
* \paperwidth=597.50787pt
* \paperheight=845.04684pt
* \textwidth=529.22144pt
* \textheight=776.7604pt
* \oddsidemargin=-38.12677pt
* \evensidemargin=-38.12677pt
* \topmargin=-75.12677pt
* \headheight=12.0pt
* \headsep=25.0pt
* \topskip=12.0pt
* \footskip=30.0pt
* \marginparwidth=35.0pt
* \marginparsep=10.0pt
* \columnsep=10.0pt
* \skip\footins=10.8pt plus 4.0pt minus 2.0pt
* \hoffset=0.0pt
* \voffset=0.0pt
* \mag=1000
* \@twocolumnfalse
* \@twosidefalse
* \@mparswitchfalse
* \@reversemarginfalse
* (1in=72.27pt=25.4mm, 1cm=28.453pt)

\c@lstlisting=\count298
[1

{/usr/local/texlive/2023/texmf-var/fonts/map/pdftex/updmap/pdftex.map}{/usr/loc
al/texlive/2023/texmf-dist/fonts/enc/dvips/cm-super/cm-super-t1.enc}]
(./main2.toc
LaTeX Font Info:    External font `cmex10' loaded for size
(Font)              <12> on input line 3.
LaTeX Font Info:    External font `cmex10' loaded for size
(Font)              <8> on input line 3.
LaTeX Font Info:    External font `cmex10' loaded for size
(Font)              <6> on input line 3.
LaTeX Font Info:    Trying to load font information for T1+cmtt on input line 4
2.
 (/usr/local/texlive/2023/texmf-dist/tex/latex/base/t1cmtt.fd
File: t1cmtt.fd 2022/07/10 v2.5l Standard LaTeX font definitions
)
pdfTeX warning (ext4): destination with the same identifier (name{page.1}) has 
been already used, duplicate ignored
<to be read again> 
                   \relax 
l.65 ...arte interactive}{22}{subsubsection.7.2.4}
                                                  % [1])
\tf@toc=\write4
\openout4 = `main2.toc'.

 [2] [3] [4]
Overfull \hbox (27.5579pt too wide) in paragraph at lines 206--207
\T1/cmr/m/n/12 connexion (\T1/cmtt/m/n/12 getDbConnection()\T1/cmr/m/n/12 ) et 
exÈ-cu-ter des re-quÍtes (\T1/cmtt/m/n/12 executeQuery()\T1/cmr/m/n/12 , \T1/cm
tt/m/n/12 fetchAll()\T1/cmr/m/n/12 , \T1/cmtt/m/n/12 fetchOne()\T1/cmr/m/n/12 ,

 []

[5]
LaTeX Font Info:    Font shape `T1/cmtt/bx/n' in size <12> not available
(Font)              Font shape `T1/cmtt/m/n' tried instead on input line 242.
 [6]
<capture2.png, id=396, 547.04375pt x 238.8925pt>
File: capture2.png Graphic file (type png)
<use capture2.png>
Package pdftex.def Info: capture2.png  used on input line 286.
(pdftex.def)             Requested size: 502.75874pt x 219.55775pt.

Overfull \hbox (71.76645pt too wide) in paragraph at lines 283--287
 []\T1/cmr/bx/n/12 Fonction de connexion ‡ la base de don-nÈes[] \T1/cmr/m/n/12
 La fonc-tion \T1/cmtt/m/n/12 getDbConnection() \T1/cmr/m/n/12 dans \T1/cmtt/m/
n/12 utils/database_utils.php
 []

[7]
Overfull \hbox (1.86975pt too wide) in paragraph at lines 296--297
[]\T1/cmtt/m/n/12 generateAlert() \T1/cmr/m/n/12 (dans \T1/cmtt/m/n/12 general_
utils.php\T1/cmr/m/n/12 ) : GÈ-nËre des mes-sages d'alerte for-ma-tÈs avec Boot
s-
 []


Overfull \hbox (46.16441pt too wide) in paragraph at lines 298--299
[]\T1/cmr/m/n/12 Les fonc-tions d'ac-cËs ‡ la base de don-nÈes (\T1/cmtt/m/n/12
 executeQuery()\T1/cmr/m/n/12 , \T1/cmtt/m/n/12 fetchAll()\T1/cmr/m/n/12 , etc.
 dans \T1/cmtt/m/n/12 database_utils.php\T1/cmr/m/n/12 ). 
 []


Overfull \hbox (89.01926pt too wide) in paragraph at lines 304--305
[]\T1/cmr/m/n/12 RequÍtes prÈ-pa-rÈes (PDO) pour Èvi-ter les in-jec-tions SQL, 
uti-li-sÈes via les fonc-tions de \T1/cmtt/m/n/12 utils/database_utils.php\T1/c
mr/m/n/12 . 
 []


Overfull \hbox (12.71838pt too wide) in paragraph at lines 305--306
[]\T1/cmr/m/n/12 Mots de passe ha-chÈs avec \T1/cmtt/m/n/12 password_hash() \T1
/cmr/m/n/12 lors de l'ins-crip-tion et vÈ-ri-fiÈs avec \T1/cmtt/m/n/12 password
_verify()
 []


Overfull \hbox (37.24025pt too wide) in paragraph at lines 306--307
[]\T1/cmr/m/n/12 Nettoyage des en-trÈes avec \T1/cmtt/m/n/12 htmlspecialchars()
 \T1/cmr/m/n/12 via la fonc-tion \T1/cmtt/m/n/12 sanitize() \T1/cmr/m/n/12 (dan
s \T1/cmtt/m/n/12 general_utils.php\T1/cmr/m/n/12 ). 
 []


Overfull \hbox (17.96011pt too wide) in paragraph at lines 307--308
[]\T1/cmr/m/n/12 Gestion des ses-sions pour contrÙ-ler l'ac-cËs aux pages pro-t
È-gÈes (via \T1/cmtt/m/n/12 utils/login_check_utils.php\T1/cmr/m/n/12 ). 
 []

[8 <./capture2.png>]
<capture3.png, id=429, 393.47pt x 271.0125pt>
File: capture3.png Graphic file (type png)
<use capture3.png>
Package pdftex.def Info: capture3.png  used on input line 344.
(pdftex.def)             Requested size: 476.29605pt x 328.05846pt.
 [9]
Overfull \hbox (1.5738pt too wide) in paragraph at lines 357--358
[]\T1/cmr/m/n/12 En cas de suc-cËs, les don-nÈes de l'uti-li-sa-teur (ID, nom, 
email) sont sto-ckÈes en ses-sion (\T1/cmtt/m/n/12 $_SESSION\T1/cmr/m/n/12 ),
 []

<capture4.png, id=441, 645.41125pt x 570.13pt>
File: capture4.png Graphic file (type png)
<use capture4.png>
Package pdftex.def Info: capture4.png  used on input line 374.
(pdftex.def)             Requested size: 476.29605pt x 420.74127pt.
[10 <./capture3.png>] [11 <./capture4.png>]
<capture5.png, id=461, 337.26pt x 54.2025pt>
File: capture5.png Graphic file (type png)
<use capture5.png>
Package pdftex.def Info: capture5.png  used on input line 411.
(pdftex.def)             Requested size: 476.29605pt x 76.54958pt.
 [12
pdfTeX warning (ext4): destination with the same identifier (name{figure.1}) ha
s been already used, duplicate ignored
<argument> ...shipout:D \box_use:N \l_shipout_box 
                                                  \__shipout_drop_firstpage_...
l.432         \item L
                     es activit√©s (nom, date, horaire, adresse, information...
 <./capture5.png>]
Overfull \hbox (88.89299pt too wide) in paragraph at lines 452--453
\T1/cmr/m/n/12 Toutes les opÈ-ra-tions de base de don-nÈes sont ef-fec-tuÈes en
 uti-li-sant les fonc-tions uti-li-taires de \T1/cmtt/m/n/12 utils/database_uti
ls.php
 []

LaTeX Font Info:    Font shape `T1/cmtt/bx/n' in size <14.4> not available
(Font)              Font shape `T1/cmtt/m/n' tried instead on input line 454.
[13] [14]
<1.png, id=495, 523.9575pt x 589.20125pt>
File: 1.png Graphic file (type png)
<use 1.png>
Package pdftex.def Info: 1.png  used on input line 523.
(pdftex.def)             Requested size: 476.29605pt x 535.61656pt.
<Capture d‚ÄôeÃÅcran 2025-05-16 aÃÄ 12.50.04.png, id=496, 524.96124pt x 331.237
5pt>
File: Capture d‚ÄôeÃÅcran 2025-05-16 aÃÄ 12.50.04.png Graphic file (type png)
<use Capture d‚ÄôeÃÅcran 2025-05-16 aÃÄ 12.50.04.png>
Package pdftex.def Info: Capture d‚ÄôeÃÅcran 2025-05-16 aÃÄ 12.50.04.png  used 
on input line 530.
(pdftex.def)             Requested size: 476.29605pt x 300.54208pt.
 [15 <./1.png>]
<capture6.png, id=503, 570.13pt x 342.27875pt>
File: capture6.png Graphic file (type png)
<use capture6.png>
Package pdftex.def Info: capture6.png  used on input line 551.
(pdftex.def)             Requested size: 476.29605pt x 285.94534pt.
 [16 <./Capture d‚ÄôeÃÅcran 2025-05-16 aÃÄ 12.50.04.png>]
<capture7.png, id=511, 579.16376pt x 673.51625pt>
File: capture7.png Graphic file (type png)
<use capture7.png>
Package pdftex.def Info: capture7.png  used on input line 556.
(pdftex.def)             Requested size: 476.29605pt x 553.89012pt.

Overfull \hbox (26.55803pt too wide) in paragraph at lines 553--557
[]\T1/cmr/m/n/12 L'algorithme de re-com-man-da-tion filtre les des-ti-na-tions 
(sto-ckÈes dans le ta-bleau Ja-vaS-cript \T1/cmtt/m/n/12 destinations\T1/cmr/m/
n/12 )
 []

[17 <./capture6.png>]
Overfull \hbox (36.83347pt too wide) in paragraph at lines 565--566
[]\T1/cmr/m/n/12 Affichage d'une sÈ-lec-tion de des-ti-na-tions po-pu-laires (d
È-fi-nies dans un ta-bleau PHP \T1/cmtt/m/n/12 $destinations_info\T1/cmr/m/n/12
 )
 []

[18 <./capture7.png>]
<capture8.png, id=524, 454.69875pt x 547.04375pt>
File: capture8.png Graphic file (type png)
<use capture8.png>
Package pdftex.def Info: capture8.png  used on input line 575.
(pdftex.def)             Requested size: 476.29605pt x 573.0356pt.
 [19 <./capture8.png>] [20]
<Destination.png, id=536, 1433.355pt x 817.0525pt>
File: Destination.png Graphic file (type png)
<use Destination.png>
Package pdftex.def Info: Destination.png  used on input line 639.
(pdftex.def)             Requested size: 423.37875pt x 241.3276pt.
<accueil.png, id=537, 1445.4pt x 808.01875pt>
File: accueil.png Graphic file (type png)
<use accueil.png>
Package pdftex.def Info: accueil.png  used on input line 647.
(pdftex.def)             Requested size: 423.37875pt x 236.67435pt.
<profil.png, id=538, 1430.34375pt x 818.05624pt>
File: profil.png Graphic file (type png)
<use profil.png>
Package pdftex.def Info: profil.png  used on input line 653.
(pdftex.def)             Requested size: 423.37875pt x 242.13586pt.
 [21 <./Destination.png> <./accueil.png>]
<carte.png, id=545, 1421.31pt x 801.99625pt>
File: carte.png Graphic file (type png)
<use carte.png>
Package pdftex.def Info: carte.png  used on input line 663.
(pdftex.def)             Requested size: 423.37875pt x 238.89972pt.
<chat.png, id=546, 1400.23125pt x 787.94376pt>
File: chat.png Graphic file (type png)
<use chat.png>
Package pdftex.def Info: chat.png  used on input line 669.
(pdftex.def)             Requested size: 423.37875pt x 238.2365pt.
 [22 <./profil.png> <./carte.png>]
<design.png, id=553, 1404.24625pt x 805.0075pt>
File: design.png Graphic file (type png)
<use design.png>
Package pdftex.def Info: design.png  used on input line 677.
(pdftex.def)             Requested size: 423.37875pt x 242.70789pt.
 [23 <./chat.png> <./design.png>]
[24] [25] [26]
Overfull \hbox (56.79247pt too wide) in paragraph at lines 808--809
[]\T1/cmr/m/n/12 Adaptation des for-mu-laires de \T1/cmtt/m/n/12 creation_voyag
e.php \T1/cmr/m/n/12 et du trai-te-ment dans \T1/cmtt/m/n/12 creation_voyage_en
voyer.php
 []

[27] [28] [29] [30] (./main2.aux)
Package rerunfilecheck Info: File `main2.out' has not changed.
(rerunfilecheck)             Checksum: 52366E08D0431440C1A9EE9A1AFF935F;12959.
 ) 
Here is how much of TeX's memory you used:
 13168 strings out of 476025
 204828 string characters out of 5790017
 1944388 words of memory out of 5000000
 33286 multiletter control sequences out of 15000+600000
 527267 words of font info for 59 fonts, out of 8000000 for 9000
 1141 hyphenation exceptions out of 8191
 75i,7n,76p,724b,1097s stack positions out of 10000i,1000n,20000p,200000b,200000s
</usr/local/texlive/2023/texmf-dist/fonts/type1/public/amsfonts/cm/cmsy10.pfb
></usr/local/texlive/2023/texmf-dist/fonts/type1/public/cm-super/sfbx1200.pfb><
/usr/local/texlive/2023/texmf-dist/fonts/type1/public/cm-super/sfbx1440.pfb></u
sr/local/texlive/2023/texmf-dist/fonts/type1/public/cm-super/sfbx1728.pfb></usr
/local/texlive/2023/texmf-dist/fonts/type1/public/cm-super/sfbx2074.pfb></usr/l
ocal/texlive/2023/texmf-dist/fonts/type1/public/cm-super/sfbx2488.pfb></usr/loc
al/texlive/2023/texmf-dist/fonts/type1/public/cm-super/sfcc1200.pfb></usr/local
/texlive/2023/texmf-dist/fonts/type1/public/cm-super/sfrm0600.pfb></usr/local/t
exlive/2023/texmf-dist/fonts/type1/public/cm-super/sfrm1200.pfb></usr/local/tex
live/2023/texmf-dist/fonts/type1/public/cm-super/sfrm1440.pfb></usr/local/texli
ve/2023/texmf-dist/fonts/type1/public/cm-super/sfti1200.pfb></usr/local/texlive
/2023/texmf-dist/fonts/type1/public/cm-super/sfti2074.pfb></usr/local/texlive/2
023/texmf-dist/fonts/type1/public/cm-super/sftt1000.pfb></usr/local/texlive/202
3/texmf-dist/fonts/type1/public/cm-super/sftt1200.pfb></usr/local/texlive/2023/
texmf-dist/fonts/type1/public/cm-super/sftt1440.pfb>
Output written on main2.pdf (31 pages, 6158195 bytes).
PDF statistics:
 693 PDF objects out of 1000 (max. 8388607)
 594 compressed objects within 6 object streams
 164 named destinations out of 1000 (max. 500000)
 628 words of extra memory for PDF output out of 10000 (max. 10000000)

