\BOOKMARK [1][-]{section.1}{\376\377\000I\000n\000t\000r\000o\000d\000u\000c\000t\000i\000o\000n}{}% 1
\BOOKMARK [2][-]{subsection.1.1}{\376\377\000C\000o\000n\000t\000e\000x\000t\000e\000\040\000d\000u\000\040\000p\000r\000o\000j\000e\000t}{section.1}% 2
\BOOKMARK [2][-]{subsection.1.2}{\376\377\000O\000b\000j\000e\000c\000t\000i\000f\000s\000\040\000e\000t\000\040\000p\000r\000o\000b\000l\000\351\000m\000a\000t\000i\000q\000u\000e}{section.1}% 3
\BOOKMARK [2][-]{subsection.1.3}{\376\377\000M\000\351\000t\000h\000o\000d\000o\000l\000o\000g\000i\000e\000\040\000d\000e\000\040\000t\000r\000a\000v\000a\000i\000l}{section.1}% 4
\BOOKMARK [1][-]{section.2}{\376\377\000A\000n\000a\000l\000y\000s\000e\000\040\000d\000e\000s\000\040\000B\000e\000s\000o\000i\000n\000s}{}% 5
\BOOKMARK [2][-]{subsection.2.1}{\376\377\000B\000e\000s\000o\000i\000n\000s\000\040\000f\000o\000n\000c\000t\000i\000o\000n\000n\000e\000l\000s}{section.2}% 6
\BOOKMARK [2][-]{subsection.2.2}{\376\377\000B\000e\000s\000o\000i\000n\000s\000\040\000n\000o\000n\000\040\000f\000o\000n\000c\000t\000i\000o\000n\000n\000e\000l\000s}{section.2}% 7
\BOOKMARK [2][-]{subsection.2.3}{\376\377\000S\000p\000\351\000c\000i\000f\000i\000c\000i\000t\000\351\000s\000\040\000t\000e\000c\000h\000n\000i\000q\000u\000e\000s}{section.2}% 8
\BOOKMARK [1][-]{section.3}{\376\377\000C\000o\000n\000c\000e\000p\000t\000i\000o\000n\000\040\000d\000e\000\040\000l\000a\000\040\000B\000a\000s\000e\000\040\000d\000e\000\040\000D\000o\000n\000n\000\351\000e\000s}{}% 9
\BOOKMARK [1][-]{section.4}{\376\377\000A\000r\000c\000h\000i\000t\000e\000c\000t\000u\000r\000e\000\040\000T\000e\000c\000h\000n\000i\000q\000u\000e}{}% 10
\BOOKMARK [2][-]{subsection.4.1}{\376\377\000S\000t\000r\000u\000c\000t\000u\000r\000e\000\040\000d\000u\000\040\000c\000o\000d\000e}{section.4}% 11
\BOOKMARK [2][-]{subsection.4.2}{\376\377\000O\000r\000g\000a\000n\000i\000s\000a\000t\000i\000o\000n\000\040\000d\000e\000s\000\040\000f\000i\000c\000h\000i\000e\000r\000s}{section.4}% 12
\BOOKMARK [2][-]{subsection.4.3}{\376\377\000C\000o\000n\000f\000i\000g\000u\000r\000a\000t\000i\000o\000n\000\040\000d\000u\000\040\000p\000r\000o\000j\000e\000t}{section.4}% 13
\BOOKMARK [2][-]{subsection.4.4}{\376\377\000S\000\351\000c\000u\000r\000i\000t\000\351}{section.4}% 14
\BOOKMARK [1][-]{section.5}{\376\377\000F\000o\000n\000c\000t\000i\000o\000n\000n\000a\000l\000i\000t\000\351\000s}{}% 15
\BOOKMARK [2][-]{subsection.5.1}{\376\377\000A\000u\000t\000h\000e\000n\000t\000i\000f\000i\000c\000a\000t\000i\000o\000n}{section.5}% 16
\BOOKMARK [3][-]{subsubsection.5.1.1}{\376\377\000I\000n\000s\000c\000r\000i\000p\000t\000i\000o\000n}{subsection.5.1}% 17
\BOOKMARK [3][-]{subsubsection.5.1.2}{\376\377\000C\000o\000n\000n\000e\000x\000i\000o\000n}{subsection.5.1}% 18
\BOOKMARK [3][-]{subsubsection.5.1.3}{\376\377\000R\000\351\000i\000n\000i\000t\000i\000a\000l\000i\000s\000a\000t\000i\000o\000n\000\040\000d\000u\000\040\000m\000o\000t\000\040\000d\000e\000\040\000p\000a\000s\000s\000e}{subsection.5.1}% 19
\BOOKMARK [3][-]{subsubsection.5.1.4}{\376\377\000D\000\351\000c\000o\000n\000n\000e\000x\000i\000o\000n}{subsection.5.1}% 20
\BOOKMARK [2][-]{subsection.5.2}{\376\377\000G\000e\000s\000t\000i\000o\000n\000\040\000d\000e\000s\000\040\000V\000o\000y\000a\000g\000e\000s}{section.5}% 21
\BOOKMARK [3][-]{subsubsection.5.2.1}{\376\377\000C\000r\000\351\000a\000t\000i\000o\000n\000\040\000e\000t\000\040\000M\000o\000d\000i\000f\000i\000c\000a\000t\000i\000o\000n\000\040\000d\000'\000u\000n\000\040\000V\000o\000y\000a\000g\000e}{subsection.5.2}% 22
\BOOKMARK [3][-]{subsubsection.5.2.2}{\376\377\000V\000i\000s\000u\000a\000l\000i\000s\000a\000t\000i\000o\000n\000\040\000d\000e\000s\000\040\000v\000o\000y\000a\000g\000e\000s\000\040\000d\000e\000\040\000l\000'\000u\000t\000i\000l\000i\000s\000a\000t\000e\000u\000r\000\040\000\050\000m\000e\000s\000v\000o\000y\000a\000g\000e\000s\000.\000p\000h\000p\000\051}{subsection.5.2}% 23
\BOOKMARK [3][-]{subsubsection.5.2.3}{\376\377\000V\000i\000s\000u\000a\000l\000i\000s\000a\000t\000i\000o\000n\000\040\000D\000\351\000t\000a\000i\000l\000l\000\351\000e\000\040\000d\000'\000u\000n\000\040\000V\000o\000y\000a\000g\000e\000\040\000\050\000v\000o\000y\000a\000g\000e\000\137\000d\000e\000t\000a\000i\000l\000.\000p\000h\000p\000\051}{subsection.5.2}% 24
\BOOKMARK [3][-]{subsubsection.5.2.4}{\376\377\000P\000a\000r\000t\000a\000g\000e\000\040\000d\000'\000u\000n\000\040\000V\000o\000y\000a\000g\000e}{subsection.5.2}% 25
\BOOKMARK [2][-]{subsection.5.3}{\376\377\000C\000a\000r\000t\000e\000\040\000i\000n\000t\000e\000r\000a\000c\000t\000i\000v\000e}{section.5}% 26
\BOOKMARK [2][-]{subsection.5.4}{\376\377\000A\000s\000s\000i\000s\000t\000a\000n\000t\000\040\000d\000e\000\040\000v\000o\000y\000a\000g\000e\000\040\000\050\000c\000h\000a\000t\000b\000o\000t\000\051}{section.5}% 27
\BOOKMARK [2][-]{subsection.5.5}{\376\377\000R\000e\000c\000h\000e\000r\000c\000h\000e\000\040\000d\000e\000\040\000d\000e\000s\000t\000i\000n\000a\000t\000i\000o\000n\000s\000\040\000\050\000d\000e\000s\000t\000i\000n\000a\000t\000i\000o\000n\000.\000p\000h\000p\000\051}{section.5}% 28
\BOOKMARK [1][-]{section.6}{\376\377\000I\000n\000t\000e\000r\000f\000a\000c\000e\000\040\000U\000t\000i\000l\000i\000s\000a\000t\000e\000u\000r}{}% 29
\BOOKMARK [2][-]{subsection.6.1}{\376\377\000C\000h\000a\000r\000t\000e\000\040\000g\000r\000a\000p\000h\000i\000q\000u\000e}{section.6}% 30
\BOOKMARK [3][-]{subsubsection.6.1.1}{\376\377\000P\000a\000l\000e\000t\000t\000e\000\040\000d\000e\000\040\000c\000o\000u\000l\000e\000u\000r\000s}{subsection.6.1}% 31
\BOOKMARK [3][-]{subsubsection.6.1.2}{\376\377\000T\000y\000p\000o\000g\000r\000a\000p\000h\000i\000e}{subsection.6.1}% 32
\BOOKMARK [3][-]{subsubsection.6.1.3}{\376\377\000I\000c\000o\000n\000o\000g\000r\000a\000p\000h\000i\000e}{subsection.6.1}% 33
\BOOKMARK [3][-]{subsubsection.6.1.4}{\376\377\000\311\000l\000\351\000m\000e\000n\000t\000s\000\040\000d\040\031\000i\000n\000t\000e\000r\000f\000a\000c\000e}{subsection.6.1}% 34
\BOOKMARK [2][-]{subsection.6.2}{\376\377\000M\000a\000q\000u\000e\000t\000t\000e\000s\000\040\000e\000t\000\040\000w\000i\000r\000e\000f\000r\000a\000m\000e\000s}{section.6}% 35
\BOOKMARK [2][-]{subsection.6.3}{\376\377\000R\000e\000s\000p\000o\000n\000s\000i\000v\000e\000\040\000D\000e\000s\000i\000g\000n}{section.6}% 36
\BOOKMARK [3][-]{subsubsection.6.3.1}{\376\377\000A\000d\000a\000p\000t\000a\000t\000i\000o\000n\000s\000\040\000s\000p\000\351\000c\000i\000f\000i\000q\000u\000e\000s}{subsection.6.3}% 37
\BOOKMARK [1][-]{section.7}{\376\377\000T\000e\000s\000t\000s\000\040\000e\000t\000\040\000V\000a\000l\000i\000d\000a\000t\000i\000o\000n}{}% 38
\BOOKMARK [2][-]{subsection.7.1}{\376\377\000S\000t\000r\000a\000t\000\351\000g\000i\000e\000\040\000d\000e\000\040\000t\000e\000s\000t}{section.7}% 39
\BOOKMARK [3][-]{subsubsection.7.1.1}{\376\377\000E\000n\000v\000i\000r\000o\000n\000n\000e\000m\000e\000n\000t\000\040\000d\000e\000\040\000t\000e\000s\000t}{subsection.7.1}% 40
\BOOKMARK [3][-]{subsubsection.7.1.2}{\376\377\000O\000u\000t\000i\000l\000s\000\040\000e\000t\000\040\000m\000\351\000t\000h\000o\000d\000e\000s}{subsection.7.1}% 41
\BOOKMARK [2][-]{subsection.7.2}{\376\377\000T\000e\000s\000t\000s\000\040\000f\000o\000n\000c\000t\000i\000o\000n\000n\000e\000l\000s}{section.7}% 42
\BOOKMARK [1][-]{section.8}{\376\377\000D\000i\000f\000f\000i\000c\000u\000l\000t\000\351\000s\000\040\000R\000e\000n\000c\000o\000n\000t\000r\000\351\000e\000s\000\040\000e\000t\000\040\000S\000o\000l\000u\000t\000i\000o\000n\000s}{}% 43
\BOOKMARK [2][-]{subsection.8.1}{\376\377\000P\000r\000o\000b\000l\000\350\000m\000e\000s\000\040\000t\000e\000c\000h\000n\000i\000q\000u\000e\000s}{section.8}% 44
\BOOKMARK [3][-]{subsubsection.8.1.1}{\376\377\000C\000o\000m\000p\000a\000t\000i\000b\000i\000l\000i\000t\000\351\000\040\000e\000n\000t\000r\000e\000\040\000n\000a\000v\000i\000g\000a\000t\000e\000u\000r\000s}{subsection.8.1}% 45
\BOOKMARK [3][-]{subsubsection.8.1.2}{\376\377\000G\000e\000s\000t\000i\000o\000n\000\040\000d\000y\000n\000a\000m\000i\000q\000u\000e\000\040\000d\000e\000s\000\040\000f\000o\000r\000m\000u\000l\000a\000i\000r\000e\000s\000\040\000c\000o\000m\000p\000l\000e\000x\000e\000s}{subsection.8.1}% 46
\BOOKMARK [3][-]{subsubsection.8.1.3}{\376\377\000I\000n\000t\000\351\000g\000r\000a\000t\000i\000o\000n\000\040\000d\000e\000s\000\040\000A\000P\000I\000\040\000e\000x\000t\000e\000r\000n\000e\000s\000\040\000\050\000L\000e\000a\000f\000l\000e\000t\000/\000N\000o\000m\000i\000n\000a\000t\000i\000m\000\051}{subsection.8.1}% 47
\BOOKMARK [1][-]{section.9}{\376\377\000A\000m\000\351\000l\000i\000o\000r\000a\000t\000i\000o\000n\000s\000\040\000F\000u\000t\000u\000r\000e\000s}{}% 48
\BOOKMARK [2][-]{subsection.9.1}{\376\377\000F\000o\000n\000c\000t\000i\000o\000n\000n\000a\000l\000i\000t\000\351\000s\000\040\000\340\000\040\000d\000\351\000v\000e\000l\000o\000p\000p\000e\000r}{section.9}% 49
\BOOKMARK [3][-]{subsubsection.9.1.1}{\376\377\000A\000p\000p\000l\000i\000c\000a\000t\000i\000o\000n\000\040\000m\000o\000b\000i\000l\000e\000\040\000n\000a\000t\000i\000v\000e}{subsection.9.1}% 50
\BOOKMARK [3][-]{subsubsection.9.1.2}{\376\377\000A\000m\000\351\000l\000i\000o\000r\000a\000t\000i\000o\000n\000\040\000d\000e\000s\000\040\000p\000e\000r\000f\000o\000r\000m\000a\000n\000c\000e\000s}{subsection.9.1}% 51
\BOOKMARK [3][-]{subsubsection.9.1.3}{\376\377\000R\000e\000n\000f\000o\000r\000c\000e\000m\000e\000n\000t\000\040\000d\000e\000\040\000l\000a\000\040\000s\000\351\000c\000u\000r\000i\000t\000\351}{subsection.9.1}% 52
\BOOKMARK [3][-]{subsubsection.9.1.4}{\376\377\000I\000n\000t\000e\000l\000l\000i\000g\000e\000n\000c\000e\000\040\000a\000r\000t\000i\000f\000i\000c\000i\000e\000l\000l\000e\000\040\000e\000t\000\040\000p\000e\000r\000s\000o\000n\000n\000a\000l\000i\000s\000a\000t\000i\000o\000n\000\040\000a\000v\000a\000n\000c\000\351\000e}{subsection.9.1}% 53
\BOOKMARK [1][-]{section.10}{\376\377\000C\000o\000n\000c\000l\000u\000s\000i\000o\000n}{}% 54
\BOOKMARK [2][-]{subsection.10.1}{\376\377\000S\000y\000n\000t\000h\000\350\000s\000e\000\040\000d\000u\000\040\000p\000r\000o\000j\000e\000t}{section.10}% 55
\BOOKMARK [2][-]{subsection.10.2}{\376\377\000C\000o\000m\000p\000\351\000t\000e\000n\000c\000e\000s\000\040\000a\000c\000q\000u\000i\000s\000e\000s}{section.10}% 56
\BOOKMARK [2][-]{subsection.10.3}{\376\377\000P\000e\000r\000s\000p\000e\000c\000t\000i\000v\000e\000s}{section.10}% 57
\BOOKMARK [1][-]{section.11}{\376\377\000A\000N\000N\000E\000X\000E\000\040\000:\000\040\000S\000c\000h\000\351\000m\000a\000\040\000d\000e\000\040\000b\000a\000s\000e\000s\000\040\000d\000e\000\040\000d\000o\000n\000n\000\351\000e\000s}{}% 58
\BOOKMARK [1][-]{section.12}{\376\377\000A\000N\000N\000E\000X\000E\000\040\000:\000\040\000L\000a\000n\000c\000e\000m\000e\000n\000t\000\040\000d\000u\000\040\000p\000r\000o\000j\000e\000t}{}% 59
\BOOKMARK [2][-]{subsection.12.1}{\376\377\000A\000u\000t\000h\000e\000n\000t\000i\000f\000i\000c\000a\000t\000i\000o\000n}{section.12}% 60
\BOOKMARK [3][-]{subsubsection.12.1.1}{\376\377\000I\000n\000s\000c\000r\000i\000p\000t\000i\000o\000n}{subsection.12.1}% 61
\BOOKMARK [3][-]{subsubsection.12.1.2}{\376\377\000C\000o\000n\000n\000e\000x\000i\000o\000n}{subsection.12.1}% 62
\BOOKMARK [3][-]{subsubsection.12.1.3}{\376\377\000M\000o\000t\000\040\000d\000e\000\040\000p\000a\000s\000s\000e\000\040\000o\000u\000b\000l\000i\000\351}{subsection.12.1}% 63
\BOOKMARK [3][-]{subsubsection.12.1.4}{\376\377\000D\000\351\000c\000o\000n\000n\000e\000x\000i\000o\000n}{subsection.12.1}% 64
\BOOKMARK [2][-]{subsection.12.2}{\376\377\000A\000c\000c\000u\000e\000i\000l\000\040\000e\000t\000\040\000l\000i\000s\000t\000e\000\040\000d\000e\000s\000\040\000d\000e\000s\000t\000i\000n\000a\000t\000i\000o\000n\000s}{section.12}% 65
\BOOKMARK [3][-]{subsubsection.12.2.1}{\376\377\000C\000a\000r\000t\000e\000\040\000d\000e\000s\000\040\000d\000e\000s\000t\000i\000n\000a\000t\000i\000o\000n\000s}{subsection.12.2}% 66
\BOOKMARK [2][-]{subsection.12.3}{\376\377\000C\000h\000a\000t\000b\000o\000t}{section.12}% 67
\BOOKMARK [2][-]{subsection.12.4}{\376\377\000G\000e\000s\000t\000i\000o\000n\000\040\000d\000e\000s\000\040\000v\000o\000y\000a\000g\000e\000s}{section.12}% 68
\BOOKMARK [3][-]{subsubsection.12.4.1}{\376\377\000P\000r\000o\000f\000i\000l\000\040\000e\000t\000\040\000l\000i\000s\000t\000e\000\040\000d\000e\000s\000\040\000v\000o\000y\000a\000g\000e\000s}{subsection.12.4}% 69
\BOOKMARK [3][-]{subsubsection.12.4.2}{\376\377\000A\000j\000o\000u\000t\000e\000r\000\040\000o\000u\000\040\000m\000o\000d\000i\000f\000i\000e\000r\000\040\000u\000n\000\040\000v\000o\000y\000a\000g\000e}{subsection.12.4}% 70
\BOOKMARK [3][-]{subsubsection.12.4.3}{\376\377\000D\000\351\000t\000a\000i\000l\000\040\000d\000'\000u\000n\000\040\000v\000o\000y\000a\000g\000e}{subsection.12.4}% 71
\BOOKMARK [3][-]{subsubsection.12.4.4}{\376\377\000P\000a\000r\000t\000a\000g\000e\000r\000\040\000u\000n\000\040\000v\000o\000y\000a\000g\000e}{subsection.12.4}% 72
\BOOKMARK [3][-]{subsubsection.12.4.5}{\376\377\000I\000m\000p\000r\000i\000m\000e\000r\000\040\000u\000n\000\040\000v\000o\000y\000a\000g\000e}{subsection.12.4}% 73
